Command line:
   descodificador_tb_isim_beh.exe
     -simmode  gui
     -simrunnum  0
     -socket  49744

Wed Mar 14 14:11:34 2018


 Elaboration Time: 0.109201 sec

 Current Memory Usage: 481.3 Meg

 Total Signals          : 4
 Total Nets             : 11
 Total Signal Drivers   : 5
 Total Blocks           : 3
 Total Primitive Blocks : 2
 Total Processes        : 5
 Total Traceable Variables  : 8
 Total Scalar Nets and Variables : 371
Total Line Count : 7

 Total Simulation Time: 0.124801 sec

 Current Memory Usage: 481.3 Meg

Wed Mar 14 14:11:38 2018

