Running: C:\Xilinx\12.4\ISE_DS\ISE\bin\nt\unwrapped\fuse.exe -intstyle ise -incremental -o E:/Generador Miguel/Generador/Sistema_tb_isim_beh.exe -prj E:/Generador Miguel/Generador/Sistema_tb_beh.prj work.Sistema_tb 
ISim M.81d (signature 0xcb73ee62)
Number of CPUs detected in this system: 4
Turning on mult-threading, number of parallel sub-compilation jobs: 8 
Determining compilation order of HDL files
Parsing VHDL file "E:/Generador Miguel/Generador/ffD_reset.vhd" into library work
Parsing VHDL file "E:/Generador Miguel/Generador/ffD_preset.vhd" into library work
Parsing VHDL file "E:/Generador Miguel/Generador/Generador.vhd" into library work
Parsing VHDL file "E:/Generador Miguel/Generador/Detector.vhd" into library work
Parsing VHDL file "E:/Generador Miguel/Generador/decodificador.vhd" into library work
Parsing VHDL file "E:/Generador Miguel/Generador/../../Contador_miguel/Contador.vhd" into library work
Parsing VHDL file "E:/Generador Miguel/Generador/Sistema.vhd" into library work
Parsing VHDL file "E:/Generador Miguel/Generador/Sistema_tb.vhd" into library work
Starting static elaboration
Completed static elaboration
Fuse Memory Usage: 108192 KB
Fuse CPU Usage: 171 ms
Using precompiled package standard from library std
Using precompiled package std_logic_1164 from library ieee
Compiling architecture behavioral of entity ffd_reset [ffd_reset_default]
Compiling architecture behavioral of entity detector [detector_default]
Compiling architecture behavioral of entity ffd_preset [ffd_preset_default]
Compiling architecture behavioral of entity generador [generador_default]
Compiling architecture behavioral of entity contador [contador_default]
Compiling architecture behavioral of entity decodificador [decodificador_default]
Compiling architecture behavioral of entity sistema [sistema_default]
Compiling architecture behavior of entity sistema_tb
Time Resolution for simulation is 1ps.
Waiting for 1 sub-compilation(s) to finish...
Compiled 17 VHDL Units
Built simulation executable E:/Generador Miguel/Generador/Sistema_tb_isim_beh.exe
Fuse Memory Usage: 114960 KB
Fuse CPU Usage: 405 ms
