Command line:
   ffD_reset_isim_beh.exe
     -simmode  gui
     -simrunnum  0
     -socket  50383

Wed Apr 04 12:40:05 2018


 Elaboration Time: 0.0312 sec

 Current Memory Usage: 493.638 Meg

 Total Signals          : 5
 Total Nets             : 5
 Total Signal Drivers   : 1
 Total Blocks           : 2
 Total Primitive Blocks : 2
 Total Processes        : 1
 Total Traceable Variables  : 8
 Total Scalar Nets and Variables : 365
Total Line Count : 4

 Total Simulation Time: 0.0468 sec

 Current Memory Usage: 493.638 Meg

Wed Apr 04 12:40:12 2018

