Command line:
   decodificador_isim_beh.exe
     -simmode  gui
     -simrunnum  0
     -socket  49587

Tue Mar 13 12:03:59 2018


 Elaboration Time: 0.0624 sec

 Current Memory Usage: 493.638 Meg

 Total Signals          : 15
 Total Nets             : 24
 Total Signal Drivers   : 20
 Total Blocks           : 2
 Total Primitive Blocks : 2
 Total Processes        : 20
 Total Traceable Variables  : 8
 Total Scalar Nets and Variables : 384
Total Line Count : 20

 Total Simulation Time: 0.1248 sec

 Current Memory Usage: 493.638 Meg

Tue Mar 13 12:04:17 2018

