--------------------------------------------------------------------------------
Release 12.4 Trace  (nt)
Copyright (c) 1995-2010 Xilinx, Inc.  All rights reserved.

C:\Xilinx\12.4\ISE_DS\ISE\bin\nt\unwrapped\trce.exe -intstyle ise -v 3 -s 5 -n
3 -fastpaths -xml descodificador.twx descodificador.ncd -o descodificador.twr
descodificador.pcf -ucf descodificador.ucf

Design file:              descodificador.ncd
Physical constraint file: descodificador.pcf
Device,package,speed:     xc3s100e,cp132,-5 (PRODUCTION 1.27 2010-11-18)
Report level:             verbose report

Environment Variable      Effect 
--------------------      ------ 
NONE                      No environment variables were set
--------------------------------------------------------------------------------

INFO:Timing:2698 - No timing constraints found, doing default enumeration.
INFO:Timing:2752 - To get complete path coverage, use the unconstrained paths 
   option. All paths that are not constrained will be reported in the 
   unconstrained paths section(s) of the report.
INFO:Timing:3339 - The clock-to-out numbers in this timing report are based on 
   a 50 Ohm transmission line loading model.  For the details of this model, 
   and for more information on accounting for different loading conditions, 
   please see the device datasheet.
INFO:Timing:3390 - This architecture does not support a default System Jitter 
   value, please add SYSTEM_JITTER constraint to the UCF to modify the Clock 
   Uncertainty calculation.
INFO:Timing:3389 - This architecture does not support 'Discrete Jitter' and 
   'Phase Error' calculations, these terms will be zero in the Clock 
   Uncertainty calculation.  Please make appropriate modification to 
   SYSTEM_JITTER to account for the unsupported Discrete Jitter and Phase 
   Error.



Data Sheet report:
-----------------
All values displayed in nanoseconds (ns)

Pad to Pad
---------------+---------------+---------+
Source Pad     |Destination Pad|  Delay  |
---------------+---------------+---------+
bcd<0>         |led<0>         |    6.834|
bcd<0>         |led<1>         |    7.098|
bcd<0>         |led<2>         |    7.090|
bcd<0>         |led<3>         |    6.736|
bcd<0>         |led<4>         |    6.509|
bcd<0>         |led<5>         |    6.721|
bcd<0>         |led<6>         |    6.535|
bcd<1>         |led<0>         |    7.820|
bcd<1>         |led<1>         |    7.689|
bcd<1>         |led<2>         |    7.676|
bcd<1>         |led<3>         |    7.778|
bcd<1>         |led<4>         |    7.543|
bcd<1>         |led<5>         |    7.811|
bcd<1>         |led<6>         |    7.569|
bcd<2>         |led<0>         |    7.587|
bcd<2>         |led<1>         |    7.361|
bcd<2>         |led<2>         |    7.382|
bcd<2>         |led<3>         |    7.495|
bcd<2>         |led<4>         |    7.405|
bcd<2>         |led<5>         |    7.639|
bcd<2>         |led<6>         |    7.431|
bcd<3>         |led<0>         |    7.408|
bcd<3>         |led<1>         |    8.321|
bcd<3>         |led<2>         |    8.364|
bcd<3>         |led<3>         |    7.343|
bcd<3>         |led<4>         |    7.264|
bcd<3>         |led<5>         |    7.527|
bcd<3>         |led<6>         |    7.290|
---------------+---------------+---------+


Analysis completed Wed Mar 14 14:05:07 2018 
--------------------------------------------------------------------------------

Trace Settings:
-------------------------
Trace Settings 

Peak Memory Usage: 97 MB



