Release 12.4 Map M.81d (nt64)
Xilinx Mapping Report File for Design 'descodificador'

Design Information
------------------
Command Line   : map -intstyle ise -p xc3s100e-vq100-5 -cm area -ir off -pr off
-c 100 -o descodificador_map.ncd descodificador.ngd descodificador.pcf 
Target Device  : xc3s100e
Target Package : vq100
Target Speed   : -5
Mapper Version : spartan3e -- $Revision: 1.52.76.2 $
Mapped Date    : Tue Apr 24 14:33:37 2018

Design Summary
--------------
Number of errors   :   9
Number of warnings :   0

Section 1 - Errors
------------------
ERROR:MapLib:30 - LOC constraint L3 on bcd<1> is invalid: No such site on the
   device. To bypass this error set the environment variable 'XIL_MAP_LOCWARN'.
ERROR:MapLib:30 - LOC constraint K3 on bcd<2> is invalid: No such site on the
   device. To bypass this error set the environment variable 'XIL_MAP_LOCWARN'.
ERROR:MapLib:30 - LOC constraint B4 on bcd<3> is invalid: No such site on the
   device. To bypass this error set the environment variable 'XIL_MAP_LOCWARN'.
ERROR:MapLib:30 - LOC constraint L14 on led<0> is invalid: No such site on the
   device. To bypass this error set the environment variable 'XIL_MAP_LOCWARN'.
ERROR:MapLib:30 - LOC constraint H12 on led<1> is invalid: No such site on the
   device. To bypass this error set the environment variable 'XIL_MAP_LOCWARN'.
ERROR:MapLib:30 - LOC constraint N14 on led<2> is invalid: No such site on the
   device. To bypass this error set the environment variable 'XIL_MAP_LOCWARN'.
ERROR:MapLib:30 - LOC constraint N11 on led<3> is invalid: No such site on the
   device. To bypass this error set the environment variable 'XIL_MAP_LOCWARN'.
ERROR:MapLib:30 - LOC constraint L13 on led<5> is invalid: No such site on the
   device. To bypass this error set the environment variable 'XIL_MAP_LOCWARN'.
ERROR:MapLib:30 - LOC constraint M12 on led<6> is invalid: No such site on the
   device. To bypass this error set the environment variable 'XIL_MAP_LOCWARN'.

Section 2 - Warnings
--------------------
WARNING:Security:43 - No license file was found in the standard Xilinx license
directory.
WARNING:Security:44 - No license file was found.
WARNING:Security:42 - Your software subscription period has lapsed. Your current
version of Xilinx tools will continue to function, but you no longer qualify for
Xilinx software updates or new releases.

Section 3 - Informational
-------------------------
INFO:Security:50 - The XILINXD_LICENSE_FILE environment variable is set to
'C:\.Xilinx\Xilinx.lic'.
INFO:Security:52 - The LM_LICENSE_FILE environment variable is set to
'C:\.Xilinx\Xilinx.lic'.
INFO:Security:54 - 'xc3s100e' is a WebPack part.
INFO:MapLib:562 - No environment variables are currently set.

Section 4 - Removed Logic Summary
---------------------------------

Section 5 - Removed Logic
-------------------------
