Command line:
   ffD_reset_isim_beh.exe
     -simmode  gui
     -simrunnum  0
     -socket  49492

Wed Apr 11 15:15:42 2018


 Elaboration Time: 0.0468 sec

 Current Memory Usage: 481.104 Meg

 Total Signals          : 5
 Total Nets             : 5
 Total Signal Drivers   : 1
 Total Blocks           : 2
 Total Primitive Blocks : 2
 Total Processes        : 1
 Total Traceable Variables  : 8
 Total Scalar Nets and Variables : 365
Total Line Count : 4

 Total Simulation Time: 0.0468 sec

 Current Memory Usage: 481.104 Meg

Wed Apr 11 15:15:51 2018

