Running: C:\Xilinx\12.4\ISE_DS\ISE\bin\nt\unwrapped\fuse.exe -intstyle ise -incremental -o C:/Users/alu0101101507/Contador/Contador_isim_beh.exe -prj C:/Users/alu0101101507/Contador/Contador_beh.prj work.Contador 
ISim M.81d (signature 0xcb73ee62)
Number of CPUs detected in this system: 2
Turning on mult-threading, number of parallel sub-compilation jobs: 4 
Determining compilation order of HDL files
Parsing VHDL file "C:/Users/alu0101101507/Contador/ffD_reset.vhd" into library work
Parsing VHDL file "C:/Users/alu0101101507/Contador/Contador.vhd" into library work
Starting static elaboration
Completed static elaboration
Fuse Memory Usage: 95760 KB
Fuse CPU Usage: 358 ms
Using precompiled package standard from library std
Using precompiled package std_logic_1164 from library ieee
Compiling architecture behavioral of entity ffd_reset [ffd_reset_default]
Compiling architecture behavioral of entity contador
Time Resolution for simulation is 1ps.
Compiled 5 VHDL Units
Built simulation executable C:/Users/alu0101101507/Contador/Contador_isim_beh.exe
Fuse Memory Usage: 102528 KB
Fuse CPU Usage: 467 ms
