Running: C:\Xilinx\12.4\ISE_DS\ISE\bin\nt\unwrapped\fuse.exe -intstyle ise -incremental -o E:/Project Navigator/Contador_miguel/contador_tb_isim_beh.exe -prj E:/Project Navigator/Contador_miguel/contador_tb_beh.prj work.contador_tb 
ISim M.81d (signature 0xcb73ee62)
Number of CPUs detected in this system: 2
Turning on mult-threading, number of parallel sub-compilation jobs: 4 
Determining compilation order of HDL files
Parsing VHDL file "E:/Project Navigator/Contador_miguel/ffD_reset.vhd" into library work
Parsing VHDL file "E:/Project Navigator/Contador_miguel/Contador.vhd" into library work
Parsing VHDL file "E:/Project Navigator/Contador_miguel/contador_tb.vhd" into library work
Starting static elaboration
Completed static elaboration
Fuse Memory Usage: 91664 KB
Fuse CPU Usage: 140 ms
Using precompiled package standard from library std
Using precompiled package std_logic_1164 from library ieee
Compiling architecture behavioral of entity ffd_reset [ffd_reset_default]
Compiling architecture behavioral of entity contador [contador_default]
Compiling architecture behavior of entity contador_tb
Time Resolution for simulation is 1ps.
Compiled 7 VHDL Units
Built simulation executable E:/Project Navigator/Contador_miguel/contador_tb_isim_beh.exe
Fuse Memory Usage: 98432 KB
Fuse CPU Usage: 233 ms
