Running: C:\Xilinx\12.4\ISE_DS\ISE\bin\nt64\unwrapped\fuse.exe -intstyle ise -incremental -o C:/sed javi/p3/contador_tb_isim_beh.exe -prj C:/sed javi/p3/contador_tb_beh.prj work.contador_tb 
ISim M.81d (signature 0x12940baa)
Number of CPUs detected in this system: 4
Turning on mult-threading, number of parallel sub-compilation jobs: 8 
Determining compilation order of HDL files
Parsing VHDL file "C:/sed javi/p3/ffD_reset.vhd" into library work
Parsing VHDL file "C:/sed javi/p3/contador.vhd" into library work
Parsing VHDL file "C:/sed javi/p3/contador_tb.vhd" into library work
Starting static elaboration
Completed static elaboration
Using precompiled package standard from library std
Using precompiled package std_logic_1164 from library ieee
Compiling architecture behavioral of entity ffd_reset [ffd_reset_default]
Compiling architecture behavioral of entity contador [contador_default]
Compiling architecture behavior of entity contador_tb
Time Resolution for simulation is 1ps.
Compiled 7 VHDL Units
Built simulation executable C:/sed javi/p3/contador_tb_isim_beh.exe
Fuse Memory Usage: 17580 KB
Fuse CPU Usage: 140 ms
