Command line:
   contador_tb_isim_beh.exe
     -simmode  gui
     -simrunnum  0
     -socket  50894

Tue Apr 24 14:24:35 2018


 Elaboration Time: 0.0312 sec

 Current Memory Usage: 497.865 Meg

 Total Signals          : 36
 Total Nets             : 15
 Total Signal Drivers   : 12
 Total Blocks           : 7
 Total Primitive Blocks : 5
 Total Processes        : 11
 Total Traceable Variables  : 9
 Total Scalar Nets and Variables : 376
Total Line Count : 30

 Total Simulation Time: 0.0468 sec

 Current Memory Usage: 497.865 Meg

Tue Apr 24 14:24:48 2018

